<?xml version="1.0" encoding="UTF-8"?>
<!-- Generated by org.testng.reporters.JUnitReportReporter -->
<testsuite skipped="0" hostname="LAPTOP-9LDMOT6R" name="RBL.Registration" tests="1" failures="0" timestamp="30 Nov 2019 05:16:59 GMT" time="34.551" errors="0">
  <testcase name="Register" time="34.551" classname="RBL.Registration"/>
</testsuite> <!-- RBL.Registration -->
